no-banned-terms threw an error during conversion: Error: No merger for multiple output no-caller rule configurations.
    at exports.convertRules (/Users/sbrow/Documents/GitHub/eslint-config/node_modules/tslint-to-eslint-config/src/rules/convertRules.js:37:67)
    at exports.convertConfig (/Users/sbrow/Documents/GitHub/eslint-config/node_modules/tslint-to-eslint-config/src/conversion/convertConfig.js:15:48)
    at processTicksAndRejections (internal/process/task_queues.js:85:5)
    at async Object.exports.runCli (/Users/sbrow/Documents/GitHub/eslint-config/node_modules/tslint-to-eslint-config/src/cli/runCli.js:27:18)
    at async Object.exports.main (/Users/sbrow/Documents/GitHub/eslint-config/node_modules/tslint-to-eslint-config/src/cli/main.js:63:30)
no-banned-terms threw an error during conversion: Error: No merger for multiple output no-eval rule configurations.
    at exports.convertRules (/Users/sbrow/Documents/GitHub/eslint-config/node_modules/tslint-to-eslint-config/src/rules/convertRules.js:37:67)
    at exports.convertConfig (/Users/sbrow/Documents/GitHub/eslint-config/node_modules/tslint-to-eslint-config/src/conversion/convertConfig.js:15:48)
    at processTicksAndRejections (internal/process/task_queues.js:85:5)
    at async Object.exports.runCli (/Users/sbrow/Documents/GitHub/eslint-config/node_modules/tslint-to-eslint-config/src/cli/runCli.js:27:18)
    at async Object.exports.main (/Users/sbrow/Documents/GitHub/eslint-config/node_modules/tslint-to-eslint-config/src/cli/main.js:63:30)
align does not yet have an ESLint equivalent.
chai-prefer-contains-to-index-of does not yet have an ESLint equivalent.
chai-vague-errors does not yet have an ESLint equivalent.
comment-format does not yet have an ESLint equivalent.
export-name does not yet have an ESLint equivalent.
function-name does not yet have an ESLint equivalent.
import-name does not yet have an ESLint equivalent.
import-spacing does not yet have an ESLint equivalent.
informative-docs does not yet have an ESLint equivalent.
insecure-random does not yet have an ESLint equivalent.
jquery-deferred-must-complete does not yet have an ESLint equivalent.
jsdoc-format does not yet have an ESLint equivalent.
max-func-body-length does not yet have an ESLint equivalent.
max-line-length does not yet have an ESLint equivalent.
mocha-avoid-only does not yet have an ESLint equivalent.
mocha-no-side-effect-code does not yet have an ESLint equivalent.
mocha-unneeded-done does not yet have an ESLint equivalent.
no-backbone-get-set-outside-model does not yet have an ESLint equivalent.
no-cookies does not yet have an ESLint equivalent.
no-delete-expression does not yet have an ESLint equivalent.
no-disable-auto-sanitization does not yet have an ESLint equivalent.
no-document-domain does not yet have an ESLint equivalent.
no-document-write does not yet have an ESLint equivalent.
no-exec-script does not yet have an ESLint equivalent.
no-for-in does not yet have an ESLint equivalent.
no-function-expression does not yet have an ESLint equivalent.
no-http-string does not yet have an ESLint equivalent.
no-inner-html does not yet have an ESLint equivalent.
no-jquery-raw-elements does not yet have an ESLint equivalent.
no-reference-import does not yet have an ESLint equivalent.
no-shadowed-variable does not yet have an ESLint equivalent.
no-single-line-block-comment does not yet have an ESLint equivalent.
no-string-based-set-immediate does not yet have an ESLint equivalent.
no-string-based-set-interval does not yet have an ESLint equivalent.
no-string-based-set-timeout does not yet have an ESLint equivalent.
no-suspicious-comment does not yet have an ESLint equivalent.
no-trailing-whitespace does not yet have an ESLint equivalent.
no-typeof-undefined does not yet have an ESLint equivalent.
no-unnecessary-field-initialization does not yet have an ESLint equivalent.
no-unnecessary-local-variable does not yet have an ESLint equivalent.
no-unnecessary-override does not yet have an ESLint equivalent.
no-unsupported-browser-code does not yet have an ESLint equivalent.
no-unused-expression does not yet have an ESLint equivalent.
no-useless-files does not yet have an ESLint equivalent.
no-with-statement does not yet have an ESLint equivalent.
non-literal-fs-path does not yet have an ESLint equivalent.
non-literal-require does not yet have an ESLint equivalent.
object-literal-sort-keys does not yet have an ESLint equivalent.
one-line does not yet have an ESLint equivalent.
only-arrow-functions does not yet have an ESLint equivalent.
ordered-imports does not yet have an ESLint equivalent.
possible-timing-attack does not yet have an ESLint equivalent.
prefer-array-literal does not yet have an ESLint equivalent.
promise-must-complete does not yet have an ESLint equivalent.
quotemark does not yet have an ESLint equivalent.
react-a11y-accessible-headings does not yet have an ESLint equivalent.
react-a11y-anchors does not yet have an ESLint equivalent.
react-a11y-aria-unsupported-elements does not yet have an ESLint equivalent.
react-a11y-event-has-role does not yet have an ESLint equivalent.
react-a11y-image-button-has-alt does not yet have an ESLint equivalent.
react-a11y-img-has-alt does not yet have an ESLint equivalent.
react-a11y-input-elements does not yet have an ESLint equivalent.
react-a11y-lang does not yet have an ESLint equivalent.
react-a11y-meta does not yet have an ESLint equivalent.
react-a11y-no-onchange does not yet have an ESLint equivalent.
react-a11y-props does not yet have an ESLint equivalent.
react-a11y-proptypes does not yet have an ESLint equivalent.
react-a11y-required does not yet have an ESLint equivalent.
react-a11y-role does not yet have an ESLint equivalent.
react-a11y-role-has-required-aria-props does not yet have an ESLint equivalent.
react-a11y-role-supports-aria-props does not yet have an ESLint equivalent.
react-a11y-tabindex-no-positive does not yet have an ESLint equivalent.
react-a11y-titles does not yet have an ESLint equivalent.
react-anchor-blank-noopener does not yet have an ESLint equivalent.
react-iframe-missing-sandbox does not yet have an ESLint equivalent.
react-no-dangerous-html does not yet have an ESLint equivalent.
react-this-binding-issue does not yet have an ESLint equivalent.
react-unused-props-and-state does not yet have an ESLint equivalent.
semicolon does not yet have an ESLint equivalent.
trailing-comma does not yet have an ESLint equivalent.
triple-equals does not yet have an ESLint equivalent.
underscore-consistent-invocation does not yet have an ESLint equivalent.
use-named-parameter does not yet have an ESLint equivalent.
use-simple-attributes does not yet have an ESLint equivalent.
variable-name does not yet have an ESLint equivalent.
whitespace does not yet have an ESLint equivalent.
